Time:      0.000	RMSD(LF):   0.246	encoding: MNDBGDAQJNITXVUUUUUUUUUUPQIBGCMLNLUUUUUUUVUNIGKNGGEDHSRHSYXPSTVTVUUUUUWMWQJEADHBJPUUVVUUUWTRIWCQRGLFKHXQHLVUUUUUUUUUUWUTT
Time:      1.000	RMSD(LF):   0.247	encoding: MNIBGDAQLNITXUUUUUUUUUVWPQIBGCMLRJUUUUUUUVUNIAKNGGEDHSRHSYXPSTVTVUUUUUWMWQJQADIBJPUUVVUUUWTRIXCQRGLFJPXQHLVUUUUUUUUUUUUTT
Time:      2.000	RMSD(LF):   0.249	encoding: MNIAGDGQLNITXUUUUUUUUUUUPQIBGCBLNJUUUUUUUVWNIGKNGAEDHSRHSYXPSSUTVUUUUUWMWQJQADHBJPUUVVUUUWTRIXCMRGLFKHXQHLVUUUUUUUUUUUUTT
Time:      3.000	RMSD(LF):   0.241	encoding: MNIAADGQLNITXVUUUUUUUUUUPQIBGCMLNLUUUUUUUVUNIDKNGGEDHSRISYXPSTVTVUUUUUWMWQKEMDHBJPUUVVUWUUTRJWCQRGLHJPXQHLUUUUUUUUUUUUUTT
Time:      4.000	RMSD(LF):   0.241	encoding: QNDBGDAQLNITXVUUUUUUUUUUPQIBGCMLNLUUUUUUUVUNIDKNGGEDHSRFSYXPRSVTVUUUUUWMWQKEADHBJPUUVVUWUWTRIXCQRGLFJPXQHLUUUUUUUUUUUUUTV
Time:      5.000	RMSD(LF):   0.240	encoding: QNDBGDAQLNJTXVUUUUUUUUUUPQIBACMLNLUUUUUUUVWNGGKNGGEDHSRHSYXPSTVTVUUUUUWMWQOEADIBJPUUVVUUUUTRIWCQRGLFJHXQHLUUUUUUUUUUUUUTT
Time:      6.000	RMSD(LF):   0.248	encoding: MNIBADGQLNJTXUWUUUUUUUUUPQIBGCALNLUUUUUUUVWNGDKNGGEDHSRISYXPSTVTVUUUUUWMWQJQADFBJPUUVVUUUWTRIXCQRGCHJPXQHLUUUUUUUUUUUUUTT
Time:      7.000	RMSD(LF):   0.250	encoding: QNDAADAQLNITXUUUUUUUUUUUPQIBGCBLRLUUUUUUUVUNIGKNGGEDHSRHSYXYRSVTVUUUUUWMWQJEADFEJPUUVVUWUWTRIXCQRLLFJHXQHLVUUUUUUUUUUUUTT
Time:      8.000	RMSD(LF):   0.242	encoding: MNDAADAQLNITXUUUUUUUUUUUPQIBGCALNJUUUUUUUVUNGAKNGLEDISRISYXPSSUTVUUUUUWMWQKQADIBJPUUVVUWUUTRIXCQRGLFKPXQHLVUUUUUUUUUUUUTT
Time:      9.000	RMSD(LF):   0.248	encoding: MNIAADAQLRITXVUUUUUUUUVUPQIBACALNJUUUUUUUVWNIGKNGLEDHSRHSYXPSTVTVUUUUUWMWQKQADFEJPUUVVUUUWTRJWCQRGLFJHXQHLVUUUUUUUUUUUVTT
Time:     10.000	RMSD(LF):   0.238	encoding: MNIBGDAQJRITXVUUUUUUUUUUPQIBACMLNJUUUUUUUVWNIDHNGGEDHSRISYXPSTUTVUUUUUWMWQJEADHBJPUUVVUUUUWRIWCQRGLFJHXQHLVUUUUUUUUUUUUTT
Time:     11.000	RMSD(LF):   0.245	encoding: MNIAADAQJRITXUUUUUUUUUVUPQIBADALNLUUUUUUUVWNGDKNGGEDHSRHSYXPRSVTVUUUUWWMWQKEADHEJPUUVVUWUUTRJWCQRGLHFFXQHLVUUUUUUUUUUUUTV
Time:     12.000	RMSD(LF):   0.251	encoding: MNDBGDAQJRITXUUUUUUUUUUUPQIBGCELNJUUUUUUUVUNIDKNGGEDHSRHSYXPSTVTVUUUUUWMWQJEADIEJPUUVVUWUUTRIWCQRLLFJPXQHLVUUUUUUUUUUUUTT
Time:     13.000	RMSD(LF):   0.241	encoding: MNIBGDAQJNITXUUUUUUUUUVUPQIBGCMLNLUUUUUUUVWNIDKNGGEDHSRHSYXPRSVTVUUUUWWMWQJEADIBJPUUVVUWUUTRIWCQRGLFKPXQHLVUUUUUUUUUUUVTT
Time:     14.000	RMSD(LF):   0.244	encoding: MNIAGDAEJNITXVUUUUUUUUVUPQIBGCMLRLUUUUUUUVUNIDKNGGEDHSRHSYXYRSVTVUUUUUWMWQKEADIEJPUUVVUUUWTRIXCQRGLFFPXQHLVUUUUUUUUUUUUTT
Time:     15.000	RMSD(LF):   0.245	encoding: MNIBADAQJTJTXVUUUUUUUUUUPQIBACMLNJUUUUUUUVUNIGKNGGEDHSRHSYXPRSVTVUUUUWWMWQKQADHEJPUUVVUUUWTRIXCQRGLFJHXQHLUUUUUUUUUUUUUTT
Time:     16.000	RMSD(LF):   0.243	encoding: MNDBGDAQLNJTXVUUUUUWUUVUPQIBACMLRLUUUUUUUVWNIGKNGLEDHSRHSYXPSTVTVUUUUUWMWQJEADIEIPUVVTUUUUTRJWCQRGLFKPXQHLUUUUUUUUUUUUUTT
Time:     17.000	RMSD(LF):   0.240	encoding: QNIBADAQLNJTXUUUUUUUUUUUPQIBACALNLUUUUUUUVWNGDKNGGEDHSRHSYXPSSVTVUUUUUWMWQJQADIEJPUUVVUUUUTRIWCMRGLFJHXQHLUUUUUUUUUUUUUTT
Time:     18.000	RMSD(LF):   0.243	encoding: MNDBGDAQJNITXVUUUUUUUUUUPQIBACMLNLUUUUUUUVUNGDHNGGEDHSRHSYXPSSVTVUUUUUWMWQKEMDIEJPUUVVUWUUTRIWCQRGLFFHXQHLUUUUUUUUUUUUWTT
Time:     19.000	RMSD(LF):   0.240	encoding: MNIBGDAQJRITXVUUUUUUUUUUPQIBACMLNLUUUUUUUVWNIGKNGGEDHSRHSYXPRTVTVUUUUUWMWQKQADHBJPUUVVUUUWTRJWCQRGLFJHXQHLUUUUUUUUUUUWUTT
Time:     20.000	RMSD(LF):   0.245	encoding: MNIAGDAQJNJTXUUUUUUUUUUUPQIBACMLNLUUUUUUUVUNIDHNGGEDHSRHSYXYRTVTVUUUUUWMWQJQADFEJPUUVVUUUUTRIWCQRGLFFHXQKLVUUUUUUUUUUWUTT
Time:     21.000	RMSD(LF):   0.245	encoding: MNIACDAQLTJTXVWUUUUUUUUUPQFDAAMLNLUUUUUUUVWNGDKNGGEDHSRHRYXYRSVTVUUUUUWMWQKQMDIEIPUUVVUWXUWRIXCQRLCHJHXQHLVUUUUUUUUUUUUST
Time:     22.000	RMSD(LF):   0.242	encoding: MNIBGDAELNJTXVUUUUUWUUUUPQIBACMLRLUUUUUUUVWNGDKNGLEDHSRHSYXYRTVTVUUUUUWMWQJEADHEJPUUVVUWXUTRJWCQRLLFJPXQHLVUUUUUUUUUUUUTT
Time:     23.000	RMSD(LF):   0.232	encoding: MNIAADAQJRJTXUUUUUUUUUUUPQIBADMLNJUUUUUUUVWNGDHNGAEDHSRHSPXYSTVTVUUUUUWMWQJQADHBJPUUVVUUXUWRIWCQRGLFJHXQHLVUUUUUUUUUUUUTV
Time:     24.000	RMSD(LF):   0.237	encoding: MNIAADAQJRJTXVUUUUUUUUVUPQFBACALNLUUUUUUUVWNGDKNGGEDHSRHSYXYSSVTVUUUUUWMWQJQADHBJPUUVVUUWWTRIXCQRLCFJPXQHLVUUUUUUUUUUUVTT
Time:     25.000	RMSD(LF):   0.245	encoding: MNIAADGQJRJNXUUUUUUUUUUUPQIAADALNJUUUUUUUVWNGDKNGGEDHSRHSYXYRSVTVUUUVUWMWQJQMDFEJPUUVVUUUUTRIXCQRLCFFHXQHLUUUUUUUUUUUWVTT
Time:     26.000	RMSD(LF):   0.239	encoding: MNIAADAQJRJTXVUUUUUUUUVUPQIAMDBLNJUUUUUUUVUNGDKNGMEDHSRISYXYRSVTVUUUUUWMWQJQADHEJPUUVVUWUWNRIXCQRLLFJHXQHLVUUUUUUUUUUUUTT
Time:     27.000	RMSD(LF):   0.240	encoding: MNIACDAQLTJTXVUUUUUUUUVUPQIBACELNJUUUUUUUVWNGDKNGGEDHSRHSYXPSSVTVUUUUUWMWQKQMAFBJPUUVVUWUUTRIXCMRGCFJHXQHLVUUUUUUUUUUUUTT
Time:     28.000	RMSD(LF):   0.239	encoding: MNIADDAQJRJTXVUUUUUUUUUUPQIBACBLRJUUUUUUUVWNGDHNGGMDHSRHSYXPRSUTVUUUUWWMWQKQMDIBJPUUVVUUWWTRIXCQRGLFFHXQHLVUUUUUUUUUUWUTT
Time:     29.000	RMSD(LF):   0.240	encoding: MNIACDAQLTJTXUUUUUUUUUUUPQFBGDALNLUUUUUUUVUNGBHNGGEDHSRHSYXYRSVTVUUUVUWMWQKQMAHBJPUUVVUWWUTRJWCQRLLFJHXQHLVUUUUUUUUUUUVTT
Time:     30.000	RMSD(LF):   0.245	encoding: MNIAADAQLNJTXVUUUUUUUUUUPQIBADALNLUUUUUUUVUNGDHNGGEDHSRHSYXYRSVTVUUUUUWMWRKMMDIEIPUVVVUUUWTRIWCQQLLFJPXQHLVUUUUUUUUUUWUTV
Time:     31.000	RMSD(LF):   0.239	encoding: MNIAADAQLRJTXUUUUUUUUUUUPQIBADBLNLUUUUUUUVWNGDKNGGEDHSRHSYXYRSVTVUUUUUWMWQJEMDFEIPUUVVUWUUTRIXCQRLCFFHXQHLVUUUUUUUUUUUVTT
Time:     32.000	RMSD(LF):   0.238	encoding: MNDAGDAQJTJTXUUUUUUUUUUUPQIBGCMLRLUUUUUUUVUNIDKNGGEDHSRHSYXPRSUTVUUUUUWMWQJEADFEJPUUVVUWWUTRIXCQRGCHJHXQHLVUUUUUUUUUUWVTT
Time:     33.000	RMSD(LF):   0.242	encoding: MHIACDAQLTJTXUUUUUUWUUUUPQIBGCALNJUUUUUUUVUNGDKNGGEDHSRHSPXPSTVTVUUUUUWMWQJEADHBJPUUVVUWUUNRIXCQRGCFFHXQHLVUUUUUUUUUUWUTT
Time:     34.000	RMSD(LF):   0.241	encoding: MNIAADAQJNJTXUUUUUUUUUUUPQIBACMLNJUUUUUUUVWNGDKNGGEDHSRHSYXYRSUTVUUUUUWMWQJQMDHBJPUUVVUUWUTRIWCQRLLFFHXQHLVUUUUUUUUUUUUTT
Time:     35.000	RMSD(LF):   0.242	encoding: QNIAGDAQJRJTXVUUUUUUUUUUPQIBADBLNLUUUUUWVVUNIDKNGGEDHSRHSYXYRSVTVUUUUUWMWQKEMDHEJPUUVVUUWUTRIXCQRLCFJHXQHLVUUUUUUUUUUUVTT
Time:     36.000	RMSD(LF):   0.239	encoding: QNIAADAQLNJTXVWUUUUUUUUUPQIBGDALNJUUUUUUUVWNGDKNGGEDHSRHRYXYRTVTVUUUVUWMWQKEADFEJPUUVVUUWUNRIXCQRLCFFHXQHLVUUUUUUUUUUUVTT
Time:     37.000	RMSD(LF):   0.239	encoding: MNIAADAEJRJTXVUUUUUUUUUUPQFBGCMLNLUUUUUUVVUNIDHNGGEDHSRHSYXYRSVTVUUUVUWMWQJQADIEJPUUVVUUUUNRIXCQRLCFFHXQHLVUUUUUUUUUUUVTT
Time:     38.000	RMSD(LF):   0.240	encoding: QNIACDAQLNJTXVUUUUUUUUUUPQFBADALTLUUUUUUUVUNGDKNGGEDHSRHSYXYSSVTVUUUVWWMWQJQADFBJPUUVVUUWUTRIXCQRLLFFHXQHLVUUUUUUUUUUUUTV
Time:     39.000	RMSD(LF):   0.240	encoding: MNIAADAQLNJTXUUUUUUUUUUUPQFBACALNLUUUUUUUVUNGAHNGGEDFSRHSYXYRSVTVUUUUUWMWQJQADHBJPUUVVUUUWTRIXCQRLLFFHXQKLVUUUUUUUUUUWVTT
Time:     40.000	RMSD(LF):   0.239	encoding: QNIBADAQJRJTXVUUUUUUUUVUPQIBACMLNLUUUUUUUVWNGDKNGAEDHSRISYXYRTVTVUUUUUWMWQKEMDHBJPUUVVUWUUNRJWCQRLLFJPXQKLVUUUUUUUUUUUUTT
Time:     41.000	RMSD(LF):   0.240	encoding: QNIACAAQJRJNXVUUUUUUUUUUPQIBGCALNLUUUUVUVVWNGDKNGAEDHSRHSYXPSSVTVUUUUUWMWQJQADHEJPUUVVUUUUTRIWCQRLCFJPXQHLVUUUUUUUUUUUUTT
Time:     42.000	RMSD(LF):   0.241	encoding: QNIACCAQJRJTXVWUUUUUUUUUPQFBACBMTLUUUUUUUVWNGDKNGLEDHSRHSYXYRSVTVUUUUUWMWQJEADIEJPUUVVUUWUNRIWJRRLCFJPXQHLVUUUUUUUUUUUVTT
Time:     43.000	RMSD(LF):   0.242	encoding: QNIAADAQJRJNXVWUUUUUUUUUPQIBGCEMRLUUUUUUUVUNGDHNGAEDHSRHRKXYRSVTVUUUUUWMWQKEMDHBJPUUTVUWXUTRIXCQRJLFJPXQHLUUUUUUUUUUUUUTT
Time:     44.000	RMSD(LF):   0.246	encoding: QNDACDAQJRJNXVUUUUUUUUVUPQIBADBLNJUUUUUUUVWNGDHNGLEDISRHSPXPQSVTVUUUVUWMWQJQADFEJPUUVVUUWUTRJWCMRLLFJPXQHLUUUUUUUUUUUUUTT
Time:     45.000	RMSD(LF):   0.237	encoding: QNDAGDAQLNITXVUUUUUUUUVUPQIBGCALNJUUUUUUUVWNGDHNGAEDHSRHRHXYRTVTVUUUUUWMWQKQADHBJPUUVTUUWUTRJWCQQLCFJPXQHLVUUUUUUUUUUUUTT
Time:     46.000	RMSD(LF):   0.243	encoding: QNDBCDAQJRJTXVUUUUUUUUUUPQIBACALNLUUUUUUUVWNGDHNGGEDHSRHRYXYRSVTVUUUVUWMWQJQADFEJPUVVTUUXUNRJWCSRGLFJHXQHLVUUUUUUUUUUUUTT
Time:     47.000	RMSD(LF):   0.246	encoding: QNDACDAEJNITXVUUUUUUUUVUPQFBGCALNLUUUUUUUVWNGDKNGLEDHSRISYXYSSVTVUUUUUWMWQKEMDHBIPUUVVUUUUTRJWLSRLCHJHXQHLVUUUUUUUUUUUUTT
Time:     48.000	RMSD(LF):   0.242	encoding: QNIACDAELRITXVUUUUUUUUUUPQIBAABLRLUUUUUUUVWNGDHNGGEDHSRHSYXYRSVTVUUUUUWMWQKQADIEIPUUVVUUWUTRIXCQRGCFJPXQHLVUUUUUUUUUUUVTT
Time:     49.000	RMSD(LF):   0.243	encoding: QNIADDAQJRITXUUUUUUUUUUUPQIBGCAMNLUUUUUUUVWNGDHNGGEDHSRHSYXYQSVTVUUUUUWMWQKQADHBCPUUVVUWWUTRJWCQQLLFJPXQHLVUUUUUUUUUUUUTT
Time:     50.000	RMSD(LF):   0.235	encoding: QNDAADAQJRJTXVWUUUUUUUUUPQIBGCMLNLUUUUUUUVWNGDKNGAEDHSRHSPXYRSVTVUUUUUWMWQKQMDHBJPUUVVUWXUTRJWCQRLOHJPXQHLVUUUUUUUUUUUUTT
Time:     51.000	RMSD(LF):   0.241	encoding: QNIAADAEJRJTXVUUWUUUUUUUPQIBADBLNLUUUUUUUVWNGDKNGGEDFSRHSYXYRTVTVUUUUUNMWQKEADFBJPUUVVUWXUTRJWCQRLCHJPXQHLUUUUUUUUUUUUUTT
Time:     52.000	RMSD(LF):   0.236	encoding: QNIACDAQJRJTXVWUWUUUUUUUPQIBGCBLRLUUUUUUUVWNGDHNGGEAHSRHSYXYRTVTVUUUUUWMWQJQADIEJPUUVVUWXUNRJWCRRLCFJPXQKLVUUUUUUUUUUUUTT
Time:     53.000	RMSD(LF):   0.242	encoding: QNIAGDAQJNITXUUUUUUUUUUUPQIBGDALTLUUUUUUUVUNGAHNGAEDHSRHRYXYRSVTVUUUVUWMWQKEADFBJPUUVVUWUUTRJWCQRJCFJPXQHLVUUUUUUUUUUUVTT
Time:     54.000	RMSD(LF):   0.246	encoding: QNIAADAQLRJTXVUUUUUUUUVWPQIBGCALNLUUUUUUUVWNGDHNGLEDHSRHRKXYRTVTVUUUUUWMWQKEADFBJPUUVVUWXUTRJWCQRLCFJPXQHLUUUUUUUUUUUUWTT
Time:     55.000	RMSD(LF):   0.241	encoding: MNIACDAQLRJNXVUUUUUUUUUUPQFAADALNLUUUUUUVVWNGDHNGAEDHSRHSYXPQSVTUUUUUUWMWQJQADFEJPUUVVUWXUTRIXCQRLLHJHXQHLVUUUUUUUUUUUUTT
Time:     56.000	RMSD(LF):   0.238	encoding: QNIAGAAQLRJTXVUUUUUUUUVUPQFBADALNJUVUUUUUVWNGDHNGGEDHSRHSYXYSSVTVUUUUUWMWQJEADFBJPUUVVUWXUTRIXCQRLCFJPXQKLVUUUUUUUUUUUWTT
Time:     57.000	RMSD(LF):   0.242	encoding: QNIBGDAQJRJNXVWUUUUUUUUUPQIBADALNLUUUUUUUVWNGDHNGGEDHSRHSYXYRTVTVUUUUUNMWQJEADFBJPUUVVUUWUTRJWCMQLCFJPXQKLVUUUUUUUUUUUVTT
Time:     58.000	RMSD(LF):   0.235	encoding: QNIACDAEJRJNXUUUUUUUUUUUPQIBADBLNLUUUUUUVVUNGDKNGAEDHSRHSYXPRSVTVUUUUUWMWQKEADFEIPUUVVUWXUTRJWCQRLLFJPXQKLVUUUUUUUUUUUUTT
Time:     59.000	RMSD(LF):   0.234	encoding: QNIADAAQJRJTXVUUWUUUUUUUPQIBACALNLUUUUUUUVWNGDHNGGEDHSRISYXYSSUTVUUUUUWMWQJEADHBJPUUVTUUWUTRJWCQRGCFJPXQHLVUUUUUUUUUUUUTT
Time:     60.000	RMSD(LF):   0.236	encoding: QNIACDAQJRJNXVUUUUUUUUUUPQIBACALNJUUUUUUUVWNGDHNGGEDHSRFSYXYRTVTVUUUVUWMWQJQADIBJPUUTVUWXUTRJWCQRLLFFPXQHLVUVUUUUUUUUUUTT
Time:     61.000	RMSD(LF):   0.236	encoding: QNIACDAQJRJTXVUUUUUUUUUWPQIBADALNJUUUUUUUVUNGDHNGGEDHRRHRYXYQSVTUUUUUUWMWQJQADIBJPUUTVUWUUTRIXLQRJOFJHXQHLVUUUUUUUUUUUUTT
Time:     62.000	RMSD(LF):   0.237	encoding: QNDACDAQJRJTXUUUUUUUUUUUPRIBGDALNLUUUUUUUVWNGDKNGGEDHSRHSYXYRSVTVUUUVWWMWQKEADIBJPUUTVUWWWTRJWJQRJCFJOXQHLUUUUUUUUUUUWUTT
Time:     63.000	RMSD(LF):   0.242	encoding: QHIACDAQJNJTXVUUUVUWUUUUPQIAMDBLNJUUUUUUUVWNGDHNGGEDHSRHSPXPRSVTVUUUVUWMWQJEADFAJPUVTVUWWUTRIWCQRJCFJHXQHLVUUUUUUUUUUUUTV
Time:     64.000	RMSD(LF):   0.229	encoding: QHIACDAQJRJTXVUUUUUUUUUUPQIBGCALNJUUUVUUUVWNGDKNGAEDHSRHSYXYRTVTVUUUUUWMWQKQADIEIPUUTVUWUUTRIXOQRJCFJHXQHLVUUUUUUUUUUUWTT
Time:     65.000	RMSD(LF):   0.244	encoding: QNCACDAQJNJTXUUUUUUUUUVUPQIBGDBMTLUUUUUUUVWNGDKNGAEDHSRHSYXYSSVTVUUUUUWMWQJEADIEIPUUVVUWWUNQJXCQRJLFJHXQHLUUUUUUUUUUUUUTT
Time:     66.000	RMSD(LF):   0.240	encoding: QHIACDAQJRJTXUUUUUUUUUVUPQIBACBMNLUUUUUUUVWNGDHNGGEDISRHSHXYQSVTVUUUUUWMWQJQADFBJPUUVVUUWUNRIXCQRJCFJPXQHLVUUUUUUUUUUUUST
Time:     67.000	RMSD(LF):   0.231	encoding: QHIACDAQJRJTXVUUUUUUUUUUPQIBACALNLUUUUUUUVWNGDKNGAEDHSRHRPXYRSVTVUUUUWWMWQKQADIBJPUUTVUUWUTRJWJQRJOFJHXQHLVUUUUUUUUUUUWST
Time:     68.000	RMSD(LF):   0.233	encoding: QNIACDAEJRJTXVUUUUUUUUVWPQFAADALNJUUUUUUUVWNGDKNGAMDHSRHSPXYQSVTVUUUUUWMWQKQADFBJPUUVVUWUUTRIWCQRLLFJFXQHLVUUUUUUUUUUUWST
Time:     69.000	RMSD(LF):   0.240	encoding: QNIACDAEJNINXVUUUUUUUUUUPQIAADALNJUUUVUUUVWNGDKNGGEAHSRISPXYRSVTUUUUVWWMWQKEADIBJPUUTVUWUUTRKWJQRJOFJHXQHLUUUUUUUUUUUUWST
Time:     70.000	RMSD(LF):   0.247	encoding: QNCAADAEJRJNXVUUUUUUUUUUPQIBACBLNJUUUUUUUVWNGDHNGAEDHSRHRYXYRSVTVUVUVUWMWQKEADFBJPUUTVUWUUTRIWJQRJOHJFXQHLVUVUUUUUUUUWUTT
Time:     71.000	RMSD(LF):   0.238	encoding: QHIACDAQJRJTXUUUUUUUUUVUPQFBADALNLUUUUUUUVWNGDHNGGEDHSRHRYXYRSVTVUUUVWWMWQJQADFBJPUUVVUWUUNRKXFQRJOFJPXQHLVUUUUUUUUUUUUST
Time:     72.000	RMSD(LF):   0.239	encoding: QNIACDAQJRJNXUUUUUUUUUUUPQIAADBGNJUUUUUUUVWNGDKNGGEDHSRHSYXPRSVTVUUUUUWMWQKEAEIBJPUUVVUWWUNRJWJQRJOFJHXQHLVUUUUUUUUUUUWTT
Time:     73.000	RMSD(LF):   0.236	encoding: QNIACAAEJRJTXUUUUUUUUUVWPQFAMDBLNJUUUUUUUVWNGDKNGGMDHSRHSPXYRSVTVUUUVWWMWQJQADFBJPUUTVUWWUTRJNJRRJOFJHXQHLUUUUUUUVUUUUUST
Time:     74.000	RMSD(LF):   0.234	encoding: QHIACDAEJNITXUUUUUUUUUUUPQIBGCALNJUUUUUWVVWNGDKNGAEDHSRHRYXYRSVTUUUUVUWMWQJMMDIBJPUUTVUUWWTRJWFQRJCFJHXQHLVUUUUUUVUUUUWTT
Time:     75.000	RMSD(LF):   0.237	encoding: QNIACDAQJRJNXUUUUUUUUUUUPQIBGCAMNLUUUUUUUVWNGDHNGGEDFSRHSYXYRSVTVUUUUUWMWQKQADIEJPUUVVUUUUNRKWFQRLOHCHXQHLVUUUUUUUUUUUWTT
Time:     76.000	RMSD(LF):   0.237	encoding: QNIAADAQJRITXVUUUUUUUUVWPQFAADBLNJUUUUUUUVWNGDKNGGEDHSRHRPXPRSVTVUUUVUWMWQJEADIBJPUUTVUWXUTRIXCQRJCFJPXQHLUUUUUUUUUUUUUTT
Time:     77.000	RMSD(LF):   0.227	encoding: QNDBGDAQJRJNXUUUUUUUUUUUPQIBGCALNJUUUUUUUVWNGGKNGAEDHSRHRYXYRTVTVUUUVWWMWQJEADIBJPUUVVUUUUTRJWCQRJLFJHXQHLVUUUUUUUUUUUUTV
Time:     78.000	RMSD(LF):   0.227	encoding: QNDACDAQJRJNXUUUUUUUUUUUPQIBADBLNJUUUUUUUVWNGDHNGGEAHSRISPXYSSVTVUUUUUWMWQJEADIEIPUUTVUWWUNRJWOQRJOFCHXQHLVUUUUUUUUUUUUST
Time:     79.000	RMSD(LF):   0.236	encoding: QNIACDAEJNITWUWUUUUUUUUUPQFBADBLNLUUUUUUUVWNGDKNGAEAHSRHSPXYRSVTVUUUVUWMWQKEMDIEIPUUVTUWUWTRJWCRRJLFJHXQHCVUUUUUUUUUUUUST
Time:     80.000	RMSD(LF):   0.236	encoding: QNIACDAQJRITXUUUUUUUUUUUPQFBGDALNJUUUUUUUVWNGDKNGGBDHSRHSHXYRSVTVUUUUUWMWQJEADFBJPUUVVUWXUTRJWLRRJCFJHXQHLVUUUUUUUUUUWUTT
Time:     81.000	RMSD(LF):   0.245	encoding: QNIACDBEJRJTXUUUUUUUUUUUPQIBGDBLTLUUUUUUUVUNIDKNGAMDHSRHRHXYQSVTUUUUUUWMWQJQADIEJPUUVVUWXUTRIXLRRJCFJHXQHLVUUUUUUUUUUWVTT
Time:     82.000	RMSD(LF):   0.241	encoding: QNIACDAQJRIWXUUUUUUUUUUUPQIBADBLNLUUUUUUUVWNGDHNGAEDHSRHSPXYRSVTVUUUUUNMWQJQAAFBJPUUVVUWXUTRJWLQRJCHJOXQHLVUUUUUUUUUUWWTV
Time:     83.000	RMSD(LF):   0.240	encoding: QHIACDAEJNITXUUUUUUUUUUUPQIBGDBLNLUUUUUUUVWNGDKNGAEDHSRHSYXYQSVTUUUUVWWMWQKEMDFBJPUUVVUWXUTRJWLQRJCFJPXQKLVUUUUUUUUUUUWTT
Time:     84.000	RMSD(LF):   0.241	encoding: QNGACDAEJRITXUUUUUUWUUUUPQFBGDAMNJVUUUUUUVWNGDHNGAEDHSRHSYXYRSVTVUUUUWWMWQJEGDIBJPUVVVUWXUTRJWLQRJCFJHXQHCVUUUUUUUUUUUWST
Time:     85.000	RMSD(LF):   0.239	encoding: QNDACDAEJRJTXUUUUUUUUUVUPQIBADBLNLVUUUUUUVWNGGKNGGEDHSRHSYXYRSVTUUUUVUWMWRJEMDFEIPUUVVUUWUTRJWJQRJCFJFVQHJVUUUUUUUUUUWWTT
Time:     86.000	RMSD(LF):   0.240	encoding: QNCACAAEJNITXVWUUUUUWUUUPQIBADBLRLUUUUUUUTWNADHNGAEDHSRHRNXPSSVTVUUUUUWMWQJEAAFBJPUUVVUWVUTRJWCRRJLFJHXQHLVUUUUUUUUUUWWTT
Time:     87.000	RMSD(LF):   0.235	encoding: QNIACDAEJNJTXUUUUUUUUUUUPQIBADBLNJVUUUUUUVWNGDKNGAEDHSRHSYXYRSVTVUUUVUWMWQKEADHBJPUUVVUUWUTRJWLQRJOFFHXQHCVUUUUUUUUUUUWTT
Time:     88.000	RMSD(LF):   0.243	encoding: QNIAADAEJRITXVUUUUUUUUUUPQIBGDBLNLUUUUUUUVWNGDKNGABDHSRHRYXYRSVTVUUUUUNMWQKEADFBJPVUVVUWUUTRJWJRRJCFCFXQHCVUUUUUUUUUUWWST
Time:     89.000	RMSD(LF):   0.243	encoding: QNIACDDEJNITXUUUUUUWUUUUPQFBGDBLNJUUUUUUUVWNGDKNGAEDHSRHRYXYRSVTVUUUUUNMWQJQADIBJPUUTVUWXUTRJWLQRJLFJOXQKLVUUUUUUUUUUUWST
Time:     90.000	RMSD(LF):   0.242	encoding: QNIACCAEJNITXVUUUUUUUUUUPQIAADBLNJVUUUUUUTWNGDKNGAEDHSRHRYXYRTVTVUUUUUNMWQKEADFBJPUUTVUWXUTRJWLQRLLFJHXQHCVUUUUUUUUUUWUTT
Time:     91.000	RMSD(LF):   0.239	encoding: QNIACAAQJNITWUUUUUUUUUVWPQIBGDBLNLUUUUUUUVWNGDKNGAEDHSRHRHXYRSVVVUUUUUWMWQKQMDIBJPUUVVUUWUTRJWLRRJCFJFXQKLVUUUUUUUUUUWWTT
Time:     92.000	RMSD(LF):   0.241	encoding: QHIACDAEJNITWUUUUUUUUUUUPQIBADALNLUUUUUUUVWNGDKNGAECFSRHRKXYRTVTVUUUVUWMWQJQADFBIPUUVVUWXUTRJXLQQJLFJHXQHLVUUUUUUUUUUUWTT
Time:     93.000	RMSD(LF):   0.227	encoding: QHIACDAEJNITWUUUUUUUUUUUPQIBADALNJUUUUUUUVWNGDKNGAEDHSRHRHXYQSVTUUUUUUWMWQJEADIBJPUUVVUWWUVRJWLRRJCFLFXQHLVUUUUUUUUUUWUST
Time:     94.000	RMSD(LF):   0.233	encoding: QNIACDAQJRJTXVUUUUUUUUUUPQIAADBLNLUUUVUUUVWNGDKNGAEGHSRHRHXYQSVTUUUUVWWMWQJQADIBJPUUTVUWXUTRJWCQRLDFJPXQHCVUUUUUUUUUUUWTT
Time:     95.000	RMSD(LF):   0.237	encoding: QNDACDAEJRITXUUUUUUUUUUUPQFBADBLNJUUUUUUUVWNGDHNGAEDHSRHRYXYRSVTUUUUUUNMWQJEADFEIPUUVVUWXUTRJWCQRJCFJHXQHLVUUUUUUUUUUUWST
Time:     96.000	RMSD(LF):   0.243	encoding: QNIAADAEJNITXUUUUUUUWUVUPQFBADBLNJVUUUUUUVWNGDHNGAMDHSRHRPXYRSVTVUUUUUWMWQKQAAFBJPUUTVUWXUTRJWLQRJCFJFXQHLVUUUUUUUUUUUVTT
Time:     97.000	RMSD(LF):   0.236	encoding: QNCACDAQJNITWUUUUUUUWUUUPQIAADBLNJUUUUUUUVWNGDHNGAEDHSRHRHXYQSVTVUUUUUNMWQKEADIBJPUUVVUUWUNRJWLQRJCFJFXQHCVUUUUUUUUUUUWTV
Time:     98.000	RMSD(LF):   0.238	encoding: QNIACDAEJNITXUUUUUUUUUUUPQIBADBLTLUUUUUUUVWNGGHNGAEDHSRHSHXYRSVTVUUUUUWMWQKQADFBJPUUVTUWXUTRIXCRRLCFJOXQHCVUUUUUUUUUUUWTV
Time:     99.000	RMSD(LF):   0.237	encoding: QNIACCAEJNITXUUUUUUUUUUUPQFBADBMTLUUUUUUUVWNGDHNGAEDHSRHSHXPQSVTVUUUVUNMWQKQMDIBJPUUVVUUUUTRJWLQRJLFJHXQHCVUUUUUUUUUUUWTT
Time:    100.000	RMSD(LF):   0.239	encoding: QHIACDAQLNITXVUUUUUUUUUXPQIBADBLNLUUUUUUUVWNGAHNBGMDHSRHRHXYRSVTVUUUUUWMWQFEADFEJPUUVVUUWWTRJWLQQJCFJFXQHLVUUUUUUUUUUUWTT
