MNDBGDAQJNITXVUUUUUUUUUUPQIBGCMLNLUUUUUUUVUNIGKNGGEDHSRHSYXPSTVTVUUUUUWMWQJEADHBJPUUVVUUUWTRIWCQRGLFKHXQHLVUUUUUUUUUUWUTT
MNIBGDAQLNITXUUUUUUUUUVWPQIBGCMLRJUUUUUUUVUNIAKNGGEDHSRHSYXPSTVTVUUUUUWMWQJQADIBJPUUVVUUUWTRIXCQRGLFJPXQHLVUUUUUUUUUUUUTT
MNIAGDGQLNITXUUUUUUUUUUUPQIBGCBLNJUUUUUUUVWNIGKNGAEDHSRHSYXPSSUTVUUUUUWMWQJQADHBJPUUVVUUUWTRIXCMRGLFKHXQHLVUUUUUUUUUUUUTT
MNIAADGQLNITXVUUUUUUUUUUPQIBGCMLNLUUUUUUUVUNIDKNGGEDHSRISYXPSTVTVUUUUUWMWQKEMDHBJPUUVVUWUUTRJWCQRGLHJPXQHLUUUUUUUUUUUUUTT
QNDBGDAQLNITXVUUUUUUUUUUPQIBGCMLNLUUUUUUUVUNIDKNGGEDHSRFSYXPRSVTVUUUUUWMWQKEADHBJPUUVVUWUWTRIXCQRGLFJPXQHLUUUUUUUUUUUUUTV
QNDBGDAQLNJTXVUUUUUUUUUUPQIBACMLNLUUUUUUUVWNGGKNGGEDHSRHSYXPSTVTVUUUUUWMWQOEADIBJPUUVVUUUUTRIWCQRGLFJHXQHLUUUUUUUUUUUUUTT
MNIBADGQLNJTXUWUUUUUUUUUPQIBGCALNLUUUUUUUVWNGDKNGGEDHSRISYXPSTVTVUUUUUWMWQJQADFBJPUUVVUUUWTRIXCQRGCHJPXQHLUUUUUUUUUUUUUTT
QNDAADAQLNITXUUUUUUUUUUUPQIBGCBLRLUUUUUUUVUNIGKNGGEDHSRHSYXYRSVTVUUUUUWMWQJEADFEJPUUVVUWUWTRIXCQRLLFJHXQHLVUUUUUUUUUUUUTT
MNDAADAQLNITXUUUUUUUUUUUPQIBGCALNJUUUUUUUVUNGAKNGLEDISRISYXPSSUTVUUUUUWMWQKQADIBJPUUVVUWUUTRIXCQRGLFKPXQHLVUUUUUUUUUUUUTT
MNIAADAQLRITXVUUUUUUUUVUPQIBACALNJUUUUUUUVWNIGKNGLEDHSRHSYXPSTVTVUUUUUWMWQKQADFEJPUUVVUUUWTRJWCQRGLFJHXQHLVUUUUUUUUUUUVTT
MNIBGDAQJRITXVUUUUUUUUUUPQIBACMLNJUUUUUUUVWNIDHNGGEDHSRISYXPSTUTVUUUUUWMWQJEADHBJPUUVVUUUUWRIWCQRGLFJHXQHLVUUUUUUUUUUUUTT
MNIAADAQJRITXUUUUUUUUUVUPQIBADALNLUUUUUUUVWNGDKNGGEDHSRHSYXPRSVTVUUUUWWMWQKEADHEJPUUVVUWUUTRJWCQRGLHFFXQHLVUUUUUUUUUUUUTV
MNDBGDAQJRITXUUUUUUUUUUUPQIBGCELNJUUUUUUUVUNIDKNGGEDHSRHSYXPSTVTVUUUUUWMWQJEADIEJPUUVVUWUUTRIWCQRLLFJPXQHLVUUUUUUUUUUUUTT
MNIBGDAQJNITXUUUUUUUUUVUPQIBGCMLNLUUUUUUUVWNIDKNGGEDHSRHSYXPRSVTVUUUUWWMWQJEADIBJPUUVVUWUUTRIWCQRGLFKPXQHLVUUUUUUUUUUUVTT
MNIAGDAEJNITXVUUUUUUUUVUPQIBGCMLRLUUUUUUUVUNIDKNGGEDHSRHSYXYRSVTVUUUUUWMWQKEADIEJPUUVVUUUWTRIXCQRGLFFPXQHLVUUUUUUUUUUUUTT
MNIBADAQJTJTXVUUUUUUUUUUPQIBACMLNJUUUUUUUVUNIGKNGGEDHSRHSYXPRSVTVUUUUWWMWQKQADHEJPUUVVUUUWTRIXCQRGLFJHXQHLUUUUUUUUUUUUUTT
MNDBGDAQLNJTXVUUUUUWUUVUPQIBACMLRLUUUUUUUVWNIGKNGLEDHSRHSYXPSTVTVUUUUUWMWQJEADIEIPUVVTUUUUTRJWCQRGLFKPXQHLUUUUUUUUUUUUUTT
QNIBADAQLNJTXUUUUUUUUUUUPQIBACALNLUUUUUUUVWNGDKNGGEDHSRHSYXPSSVTVUUUUUWMWQJQADIEJPUUVVUUUUTRIWCMRGLFJHXQHLUUUUUUUUUUUUUTT
MNDBGDAQJNITXVUUUUUUUUUUPQIBACMLNLUUUUUUUVUNGDHNGGEDHSRHSYXPSSVTVUUUUUWMWQKEMDIEJPUUVVUWUUTRIWCQRGLFFHXQHLUUUUUUUUUUUUWTT
MNIBGDAQJRITXVUUUUUUUUUUPQIBACMLNLUUUUUUUVWNIGKNGGEDHSRHSYXPRTVTVUUUUUWMWQKQADHBJPUUVVUUUWTRJWCQRGLFJHXQHLUUUUUUUUUUUWUTT
MNIAGDAQJNJTXUUUUUUUUUUUPQIBACMLNLUUUUUUUVUNIDHNGGEDHSRHSYXYRTVTVUUUUUWMWQJQADFEJPUUVVUUUUTRIWCQRGLFFHXQKLVUUUUUUUUUUWUTT
MNIACDAQLTJTXVWUUUUUUUUUPQFDAAMLNLUUUUUUUVWNGDKNGGEDHSRHRYXYRSVTVUUUUUWMWQKQMDIEIPUUVVUWXUWRIXCQRLCHJHXQHLVUUUUUUUUUUUUST
MNIBGDAELNJTXVUUUUUWUUUUPQIBACMLRLUUUUUUUVWNGDKNGLEDHSRHSYXYRTVTVUUUUUWMWQJEADHEJPUUVVUWXUTRJWCQRLLFJPXQHLVUUUUUUUUUUUUTT
MNIAADAQJRJTXUUUUUUUUUUUPQIBADMLNJUUUUUUUVWNGDHNGAEDHSRHSPXYSTVTVUUUUUWMWQJQADHBJPUUVVUUXUWRIWCQRGLFJHXQHLVUUUUUUUUUUUUTV
MNIAADAQJRJTXVUUUUUUUUVUPQFBACALNLUUUUUUUVWNGDKNGGEDHSRHSYXYSSVTVUUUUUWMWQJQADHBJPUUVVUUWWTRIXCQRLCFJPXQHLVUUUUUUUUUUUVTT
MNIAADGQJRJNXUUUUUUUUUUUPQIAADALNJUUUUUUUVWNGDKNGGEDHSRHSYXYRSVTVUUUVUWMWQJQMDFEJPUUVVUUUUTRIXCQRLCFFHXQHLUUUUUUUUUUUWVTT
MNIAADAQJRJTXVUUUUUUUUVUPQIAMDBLNJUUUUUUUVUNGDKNGMEDHSRISYXYRSVTVUUUUUWMWQJQADHEJPUUVVUWUWNRIXCQRLLFJHXQHLVUUUUUUUUUUUUTT
MNIACDAQLTJTXVUUUUUUUUVUPQIBACELNJUUUUUUUVWNGDKNGGEDHSRHSYXPSSVTVUUUUUWMWQKQMAFBJPUUVVUWUUTRIXCMRGCFJHXQHLVUUUUUUUUUUUUTT
MNIADDAQJRJTXVUUUUUUUUUUPQIBACBLRJUUUUUUUVWNGDHNGGMDHSRHSYXPRSUTVUUUUWWMWQKQMDIBJPUUVVUUWWTRIXCQRGLFFHXQHLVUUUUUUUUUUWUTT
MNIACDAQLTJTXUUUUUUUUUUUPQFBGDALNLUUUUUUUVUNGBHNGGEDHSRHSYXYRSVTVUUUVUWMWQKQMAHBJPUUVVUWWUTRJWCQRLLFJHXQHLVUUUUUUUUUUUVTT
MNIAADAQLNJTXVUUUUUUUUUUPQIBADALNLUUUUUUUVUNGDHNGGEDHSRHSYXYRSVTVUUUUUWMWRKMMDIEIPUVVVUUUWTRIWCQQLLFJPXQHLVUUUUUUUUUUWUTV
MNIAADAQLRJTXUUUUUUUUUUUPQIBADBLNLUUUUUUUVWNGDKNGGEDHSRHSYXYRSVTVUUUUUWMWQJEMDFEIPUUVVUWUUTRIXCQRLCFFHXQHLVUUUUUUUUUUUVTT
MNDAGDAQJTJTXUUUUUUUUUUUPQIBGCMLRLUUUUUUUVUNIDKNGGEDHSRHSYXPRSUTVUUUUUWMWQJEADFEJPUUVVUWWUTRIXCQRGCHJHXQHLVUUUUUUUUUUWVTT
MHIACDAQLTJTXUUUUUUWUUUUPQIBGCALNJUUUUUUUVUNGDKNGGEDHSRHSPXPSTVTVUUUUUWMWQJEADHBJPUUVVUWUUNRIXCQRGCFFHXQHLVUUUUUUUUUUWUTT
MNIAADAQJNJTXUUUUUUUUUUUPQIBACMLNJUUUUUUUVWNGDKNGGEDHSRHSYXYRSUTVUUUUUWMWQJQMDHBJPUUVVUUWUTRIWCQRLLFFHXQHLVUUUUUUUUUUUUTT
QNIAGDAQJRJTXVUUUUUUUUUUPQIBADBLNLUUUUUWVVUNIDKNGGEDHSRHSYXYRSVTVUUUUUWMWQKEMDHEJPUUVVUUWUTRIXCQRLCFJHXQHLVUUUUUUUUUUUVTT
QNIAADAQLNJTXVWUUUUUUUUUPQIBGDALNJUUUUUUUVWNGDKNGGEDHSRHRYXYRTVTVUUUVUWMWQKEADFEJPUUVVUUWUNRIXCQRLCFFHXQHLVUUUUUUUUUUUVTT
MNIAADAEJRJTXVUUUUUUUUUUPQFBGCMLNLUUUUUUVVUNIDHNGGEDHSRHSYXYRSVTVUUUVUWMWQJQADIEJPUUVVUUUUNRIXCQRLCFFHXQHLVUUUUUUUUUUUVTT
QNIACDAQLNJTXVUUUUUUUUUUPQFBADALTLUUUUUUUVUNGDKNGGEDHSRHSYXYSSVTVUUUVWWMWQJQADFBJPUUVVUUWUTRIXCQRLLFFHXQHLVUUUUUUUUUUUUTV
MNIAADAQLNJTXUUUUUUUUUUUPQFBACALNLUUUUUUUVUNGAHNGGEDFSRHSYXYRSVTVUUUUUWMWQJQADHBJPUUVVUUUWTRIXCQRLLFFHXQKLVUUUUUUUUUUWVTT
QNIBADAQJRJTXVUUUUUUUUVUPQIBACMLNLUUUUUUUVWNGDKNGAEDHSRISYXYRTVTVUUUUUWMWQKEMDHBJPUUVVUWUUNRJWCQRLLFJPXQKLVUUUUUUUUUUUUTT
QNIACAAQJRJNXVUUUUUUUUUUPQIBGCALNLUUUUVUVVWNGDKNGAEDHSRHSYXPSSVTVUUUUUWMWQJQADHEJPUUVVUUUUTRIWCQRLCFJPXQHLVUUUUUUUUUUUUTT
QNIACCAQJRJTXVWUUUUUUUUUPQFBACBMTLUUUUUUUVWNGDKNGLEDHSRHSYXYRSVTVUUUUUWMWQJEADIEJPUUVVUUWUNRIWJRRLCFJPXQHLVUUUUUUUUUUUVTT
QNIAADAQJRJNXVWUUUUUUUUUPQIBGCEMRLUUUUUUUVUNGDHNGAEDHSRHRKXYRSVTVUUUUUWMWQKEMDHBJPUUTVUWXUTRIXCQRJLFJPXQHLUUUUUUUUUUUUUTT
QNDACDAQJRJNXVUUUUUUUUVUPQIBADBLNJUUUUUUUVWNGDHNGLEDISRHSPXPQSVTVUUUVUWMWQJQADFEJPUUVVUUWUTRJWCMRLLFJPXQHLUUUUUUUUUUUUUTT
QNDAGDAQLNITXVUUUUUUUUVUPQIBGCALNJUUUUUUUVWNGDHNGAEDHSRHRHXYRTVTVUUUUUWMWQKQADHBJPUUVTUUWUTRJWCQQLCFJPXQHLVUUUUUUUUUUUUTT
QNDBCDAQJRJTXVUUUUUUUUUUPQIBACALNLUUUUUUUVWNGDHNGGEDHSRHRYXYRSVTVUUUVUWMWQJQADFEJPUVVTUUXUNRJWCSRGLFJHXQHLVUUUUUUUUUUUUTT
QNDACDAEJNITXVUUUUUUUUVUPQFBGCALNLUUUUUUUVWNGDKNGLEDHSRISYXYSSVTVUUUUUWMWQKEMDHBIPUUVVUUUUTRJWLSRLCHJHXQHLVUUUUUUUUUUUUTT
QNIACDAELRITXVUUUUUUUUUUPQIBAABLRLUUUUUUUVWNGDHNGGEDHSRHSYXYRSVTVUUUUUWMWQKQADIEIPUUVVUUWUTRIXCQRGCFJPXQHLVUUUUUUUUUUUVTT
QNIADDAQJRITXUUUUUUUUUUUPQIBGCAMNLUUUUUUUVWNGDHNGGEDHSRHSYXYQSVTVUUUUUWMWQKQADHBCPUUVVUWWUTRJWCQQLLFJPXQHLVUUUUUUUUUUUUTT
QNDAADAQJRJTXVWUUUUUUUUUPQIBGCMLNLUUUUUUUVWNGDKNGAEDHSRHSPXYRSVTVUUUUUWMWQKQMDHBJPUUVVUWXUTRJWCQRLOHJPXQHLVUUUUUUUUUUUUTT
QNIAADAEJRJTXVUUWUUUUUUUPQIBADBLNLUUUUUUUVWNGDKNGGEDFSRHSYXYRTVTVUUUUUNMWQKEADFBJPUUVVUWXUTRJWCQRLCHJPXQHLUUUUUUUUUUUUUTT
QNIACDAQJRJTXVWUWUUUUUUUPQIBGCBLRLUUUUUUUVWNGDHNGGEAHSRHSYXYRTVTVUUUUUWMWQJQADIEJPUUVVUWXUNRJWCRRLCFJPXQKLVUUUUUUUUUUUUTT
QNIAGDAQJNITXUUUUUUUUUUUPQIBGDALTLUUUUUUUVUNGAHNGAEDHSRHRYXYRSVTVUUUVUWMWQKEADFBJPUUVVUWUUTRJWCQRJCFJPXQHLVUUUUUUUUUUUVTT
QNIAADAQLRJTXVUUUUUUUUVWPQIBGCALNLUUUUUUUVWNGDHNGLEDHSRHRKXYRTVTVUUUUUWMWQKEADFBJPUUVVUWXUTRJWCQRLCFJPXQHLUUUUUUUUUUUUWTT
MNIACDAQLRJNXVUUUUUUUUUUPQFAADALNLUUUUUUVVWNGDHNGAEDHSRHSYXPQSVTUUUUUUWMWQJQADFEJPUUVVUWXUTRIXCQRLLHJHXQHLVUUUUUUUUUUUUTT
QNIAGAAQLRJTXVUUUUUUUUVUPQFBADALNJUVUUUUUVWNGDHNGGEDHSRHSYXYSSVTVUUUUUWMWQJEADFBJPUUVVUWXUTRIXCQRLCFJPXQKLVUUUUUUUUUUUWTT
QNIBGDAQJRJNXVWUUUUUUUUUPQIBADALNLUUUUUUUVWNGDHNGGEDHSRHSYXYRTVTVUUUUUNMWQJEADFBJPUUVVUUWUTRJWCMQLCFJPXQKLVUUUUUUUUUUUVTT
QNIACDAEJRJNXUUUUUUUUUUUPQIBADBLNLUUUUUUVVUNGDKNGAEDHSRHSYXPRSVTVUUUUUWMWQKEADFEIPUUVVUWXUTRJWCQRLLFJPXQKLVUUUUUUUUUUUUTT
QNIADAAQJRJTXVUUWUUUUUUUPQIBACALNLUUUUUUUVWNGDHNGGEDHSRISYXYSSUTVUUUUUWMWQJEADHBJPUUVTUUWUTRJWCQRGCFJPXQHLVUUUUUUUUUUUUTT
QNIACDAQJRJNXVUUUUUUUUUUPQIBACALNJUUUUUUUVWNGDHNGGEDHSRFSYXYRTVTVUUUVUWMWQJQADIBJPUUTVUWXUTRJWCQRLLFFPXQHLVUVUUUUUUUUUUTT
QNIACDAQJRJTXVUUUUUUUUUWPQIBADALNJUUUUUUUVUNGDHNGGEDHRRHRYXYQSVTUUUUUUWMWQJQADIBJPUUTVUWUUTRIXLQRJOFJHXQHLVUUUUUUUUUUUUTT
QNDACDAQJRJTXUUUUUUUUUUUPRIBGDALNLUUUUUUUVWNGDKNGGEDHSRHSYXYRSVTVUUUVWWMWQKEADIBJPUUTVUWWWTRJWJQRJCFJOXQHLUUUUUUUUUUUWUTT
QHIACDAQJNJTXVUUUVUWUUUUPQIAMDBLNJUUUUUUUVWNGDHNGGEDHSRHSPXPRSVTVUUUVUWMWQJEADFAJPUVTVUWWUTRIWCQRJCFJHXQHLVUUUUUUUUUUUUTV
QHIACDAQJRJTXVUUUUUUUUUUPQIBGCALNJUUUVUUUVWNGDKNGAEDHSRHSYXYRTVTVUUUUUWMWQKQADIEIPUUTVUWUUTRIXOQRJCFJHXQHLVUUUUUUUUUUUWTT
QNCACDAQJNJTXUUUUUUUUUVUPQIBGDBMTLUUUUUUUVWNGDKNGAEDHSRHSYXYSSVTVUUUUUWMWQJEADIEIPUUVVUWWUNQJXCQRJLFJHXQHLUUUUUUUUUUUUUTT
QHIACDAQJRJTXUUUUUUUUUVUPQIBACBMNLUUUUUUUVWNGDHNGGEDISRHSHXYQSVTVUUUUUWMWQJQADFBJPUUVVUUWUNRIXCQRJCFJPXQHLVUUUUUUUUUUUUST
QHIACDAQJRJTXVUUUUUUUUUUPQIBACALNLUUUUUUUVWNGDKNGAEDHSRHRPXYRSVTVUUUUWWMWQKQADIBJPUUTVUUWUTRJWJQRJOFJHXQHLVUUUUUUUUUUUWST
QNIACDAEJRJTXVUUUUUUUUVWPQFAADALNJUUUUUUUVWNGDKNGAMDHSRHSPXYQSVTVUUUUUWMWQKQADFBJPUUVVUWUUTRIWCQRLLFJFXQHLVUUUUUUUUUUUWST
QNIACDAEJNINXVUUUUUUUUUUPQIAADALNJUUUVUUUVWNGDKNGGEAHSRISPXYRSVTUUUUVWWMWQKEADIBJPUUTVUWUUTRKWJQRJOFJHXQHLUUUUUUUUUUUUWST
QNCAADAEJRJNXVUUUUUUUUUUPQIBACBLNJUUUUUUUVWNGDHNGAEDHSRHRYXYRSVTVUVUVUWMWQKEADFBJPUUTVUWUUTRIWJQRJOHJFXQHLVUVUUUUUUUUWUTT
QHIACDAQJRJTXUUUUUUUUUVUPQFBADALNLUUUUUUUVWNGDHNGGEDHSRHRYXYRSVTVUUUVWWMWQJQADFBJPUUVVUWUUNRKXFQRJOFJPXQHLVUUUUUUUUUUUUST
QNIACDAQJRJNXUUUUUUUUUUUPQIAADBGNJUUUUUUUVWNGDKNGGEDHSRHSYXPRSVTVUUUUUWMWQKEAEIBJPUUVVUWWUNRJWJQRJOFJHXQHLVUUUUUUUUUUUWTT
QNIACAAEJRJTXUUUUUUUUUVWPQFAMDBLNJUUUUUUUVWNGDKNGGMDHSRHSPXYRSVTVUUUVWWMWQJQADFBJPUUTVUWWUTRJNJRRJOFJHXQHLUUUUUUUVUUUUUST
QHIACDAEJNITXUUUUUUUUUUUPQIBGCALNJUUUUUWVVWNGDKNGAEDHSRHRYXYRSVTUUUUVUWMWQJMMDIBJPUUTVUUWWTRJWFQRJCFJHXQHLVUUUUUUVUUUUWTT
QNIACDAQJRJNXUUUUUUUUUUUPQIBGCAMNLUUUUUUUVWNGDHNGGEDFSRHSYXYRSVTVUUUUUWMWQKQADIEJPUUVVUUUUNRKWFQRLOHCHXQHLVUUUUUUUUUUUWTT
QNIAADAQJRITXVUUUUUUUUVWPQFAADBLNJUUUUUUUVWNGDKNGGEDHSRHRPXPRSVTVUUUVUWMWQJEADIBJPUUTVUWXUTRIXCQRJCFJPXQHLUUUUUUUUUUUUUTT
QNDBGDAQJRJNXUUUUUUUUUUUPQIBGCALNJUUUUUUUVWNGGKNGAEDHSRHRYXYRTVTVUUUVWWMWQJEADIBJPUUVVUUUUTRJWCQRJLFJHXQHLVUUUUUUUUUUUUTV
QNDACDAQJRJNXUUUUUUUUUUUPQIBADBLNJUUUUUUUVWNGDHNGGEAHSRISPXYSSVTVUUUUUWMWQJEADIEIPUUTVUWWUNRJWOQRJOFCHXQHLVUUUUUUUUUUUUST
QNIACDAEJNITWUWUUUUUUUUUPQFBADBLNLUUUUUUUVWNGDKNGAEAHSRHSPXYRSVTVUUUVUWMWQKEMDIEIPUUVTUWUWTRJWCRRJLFJHXQHCVUUUUUUUUUUUUST
QNIACDAQJRITXUUUUUUUUUUUPQFBGDALNJUUUUUUUVWNGDKNGGBDHSRHSHXYRSVTVUUUUUWMWQJEADFBJPUUVVUWXUTRJWLRRJCFJHXQHLVUUUUUUUUUUWUTT
QNIACDBEJRJTXUUUUUUUUUUUPQIBGDBLTLUUUUUUUVUNIDKNGAMDHSRHRHXYQSVTUUUUUUWMWQJQADIEJPUUVVUWXUTRIXLRRJCFJHXQHLVUUUUUUUUUUWVTT
QNIACDAQJRIWXUUUUUUUUUUUPQIBADBLNLUUUUUUUVWNGDHNGAEDHSRHSPXYRSVTVUUUUUNMWQJQAAFBJPUUVVUWXUTRJWLQRJCHJOXQHLVUUUUUUUUUUWWTV
QHIACDAEJNITXUUUUUUUUUUUPQIBGDBLNLUUUUUUUVWNGDKNGAEDHSRHSYXYQSVTUUUUVWWMWQKEMDFBJPUUVVUWXUTRJWLQRJCFJPXQKLVUUUUUUUUUUUWTT
QNGACDAEJRITXUUUUUUWUUUUPQFBGDAMNJVUUUUUUVWNGDHNGAEDHSRHSYXYRSVTVUUUUWWMWQJEGDIBJPUVVVUWXUTRJWLQRJCFJHXQHCVUUUUUUUUUUUWST
QNDACDAEJRJTXUUUUUUUUUVUPQIBADBLNLVUUUUUUVWNGGKNGGEDHSRHSYXYRSVTUUUUVUWMWRJEMDFEIPUUVVUUWUTRJWJQRJCFJFVQHJVUUUUUUUUUUWWTT
QNCACAAEJNITXVWUUUUUWUUUPQIBADBLRLUUUUUUUTWNADHNGAEDHSRHRNXPSSVTVUUUUUWMWQJEAAFBJPUUVVUWVUTRJWCRRJLFJHXQHLVUUUUUUUUUUWWTT
QNIACDAEJNJTXUUUUUUUUUUUPQIBADBLNJVUUUUUUVWNGDKNGAEDHSRHSYXYRSVTVUUUVUWMWQKEADHBJPUUVVUUWUTRJWLQRJOFFHXQHCVUUUUUUUUUUUWTT
QNIAADAEJRITXVUUUUUUUUUUPQIBGDBLNLUUUUUUUVWNGDKNGABDHSRHRYXYRSVTVUUUUUNMWQKEADFBJPVUVVUWUUTRJWJRRJCFCFXQHCVUUUUUUUUUUWWST
QNIACDDEJNITXUUUUUUWUUUUPQFBGDBLNJUUUUUUUVWNGDKNGAEDHSRHRYXYRSVTVUUUUUNMWQJQADIBJPUUTVUWXUTRJWLQRJLFJOXQKLVUUUUUUUUUUUWST
QNIACCAEJNITXVUUUUUUUUUUPQIAADBLNJVUUUUUUTWNGDKNGAEDHSRHRYXYRTVTVUUUUUNMWQKEADFBJPUUTVUWXUTRJWLQRLLFJHXQHCVUUUUUUUUUUWUTT
QNIACAAQJNITWUUUUUUUUUVWPQIBGDBLNLUUUUUUUVWNGDKNGAEDHSRHRHXYRSVVVUUUUUWMWQKQMDIBJPUUVVUUWUTRJWLRRJCFJFXQKLVUUUUUUUUUUWWTT
QHIACDAEJNITWUUUUUUUUUUUPQIBADALNLUUUUUUUVWNGDKNGAECFSRHRKXYRTVTVUUUVUWMWQJQADFBIPUUVVUWXUTRJXLQQJLFJHXQHLVUUUUUUUUUUUWTT
QHIACDAEJNITWUUUUUUUUUUUPQIBADALNJUUUUUUUVWNGDKNGAEDHSRHRHXYQSVTUUUUUUWMWQJEADIBJPUUVVUWWUVRJWLRRJCFLFXQHLVUUUUUUUUUUWUST
QNIACDAQJRJTXVUUUUUUUUUUPQIAADBLNLUUUVUUUVWNGDKNGAEGHSRHRHXYQSVTUUUUVWWMWQJQADIBJPUUTVUWXUTRJWCQRLDFJPXQHCVUUUUUUUUUUUWTT
QNDACDAEJRITXUUUUUUUUUUUPQFBADBLNJUUUUUUUVWNGDHNGAEDHSRHRYXYRSVTUUUUUUNMWQJEADFEIPUUVVUWXUTRJWCQRJCFJHXQHLVUUUUUUUUUUUWST
QNIAADAEJNITXUUUUUUUWUVUPQFBADBLNJVUUUUUUVWNGDHNGAMDHSRHRPXYRSVTVUUUUUWMWQKQAAFBJPUUTVUWXUTRJWLQRJCFJFXQHLVUUUUUUUUUUUVTT
QNCACDAQJNITWUUUUUUUWUUUPQIAADBLNJUUUUUUUVWNGDHNGAEDHSRHRHXYQSVTVUUUUUNMWQKEADIBJPUUVVUUWUNRJWLQRJCFJFXQHCVUUUUUUUUUUUWTV
QNIACDAEJNITXUUUUUUUUUUUPQIBADBLTLUUUUUUUVWNGGHNGAEDHSRHSHXYRSVTVUUUUUWMWQKQADFBJPUUVTUWXUTRIXCRRLCFJOXQHCVUUUUUUUUUUUWTV
QNIACCAEJNITXUUUUUUUUUUUPQFBADBMTLUUUUUUUVWNGDHNGAEDHSRHSHXPQSVTVUUUVUNMWQKQMDIBJPUUVVUUUUTRJWLQRJLFJHXQHCVUUUUUUUUUUUWTT
QHIACDAQLNITXVUUUUUUUUUXPQIBADBLNLUUUUUUUVWNGAHNBGMDHSRHRHXYRSVTVUUUUUWMWQFEADFEJPUUVVUUWWTRJWLQQJCFJFXQHLVUUUUUUUUUUUWTT
