This file contains any messages produced by compilers while
running configure, to aid debugging if configure makes a mistake.

It was created by GSATools configure 4.5.x-1.00, which was
generated by GNU Autoconf 2.69.  Invocation command line was

  $ ./configure --enable-mpi --enable-profiling --enable-debug

## --------- ##
## Platform. ##
## --------- ##

hostname = ace
uname -m = x86_64
uname -r = 3.13.0-38-generic
uname -s = Linux
uname -v = #65somerville1-Ubuntu SMP Wed Oct 15 02:15:02 UTC 2014

/usr/bin/uname -p = unknown
/bin/uname -X     = unknown

/bin/arch              = unknown
/usr/bin/arch -k       = unknown
/usr/convex/getsysinfo = unknown
/usr/bin/hostinfo      = unknown
/bin/machine           = unknown
/usr/bin/oslevel       = unknown
/bin/universe          = unknown

PATH: /usr/local/sbin
PATH: /usr/local/bin
PATH: /usr/sbin
PATH: /usr/bin
PATH: /sbin
PATH: /bin
PATH: /usr/games
PATH: /usr/local/games
PATH: .
PATH: /home/jkleinj/apps/bin
PATH: /usr/local/cuda/bin
PATH: /home/jkleinj/jk.private/AmazonEC2/ec2-api-tools-1.6.9.0/bin
PATH: /home/jkleinj/.rvm/bin


## ----------- ##
## Core tests. ##
## ----------- ##

configure:2264: checking for a BSD-compatible install
configure:2332: result: /usr/bin/install -c
configure:2343: checking whether build environment is sane
configure:2398: result: yes
configure:2549: checking for a thread-safe mkdir -p
configure:2588: result: /bin/mkdir -p
configure:2595: checking for gawk
configure:2625: result: no
configure:2595: checking for mawk
configure:2611: found /usr/bin/mawk
configure:2622: result: mawk
configure:2633: checking whether make sets $(MAKE)
configure:2655: result: yes
configure:2684: checking whether make supports nested variables
configure:2701: result: yes
configure:2794: checking for style of include used by make
configure:2822: result: GNU
configure:2893: checking for gcc
configure:2909: found /usr/bin/gcc
configure:2920: result: gcc
configure:3149: checking for C compiler version
configure:3158: gcc --version >&5
gcc (Ubuntu 4.8.4-2ubuntu1~14.04) 4.8.4
Copyright (C) 2013 Free Software Foundation, Inc.
This is free software; see the source for copying conditions.  There is NO
warranty; not even for MERCHANTABILITY or FITNESS FOR A PARTICULAR PURPOSE.

configure:3169: $? = 0
configure:3158: gcc -v >&5
Using built-in specs.
COLLECT_GCC=gcc
COLLECT_LTO_WRAPPER=/usr/lib/gcc/x86_64-linux-gnu/4.8/lto-wrapper
Target: x86_64-linux-gnu
Configured with: ../src/configure -v --with-pkgversion='Ubuntu 4.8.4-2ubuntu1~14.04' --with-bugurl=file:///usr/share/doc/gcc-4.8/README.Bugs --enable-languages=c,c++,java,go,d,fortran,objc,obj-c++ --prefix=/usr --program-suffix=-4.8 --enable-shared --enable-linker-build-id --libexecdir=/usr/lib --without-included-gettext --enable-threads=posix --with-gxx-include-dir=/usr/include/c++/4.8 --libdir=/usr/lib --enable-nls --with-sysroot=/ --enable-clocale=gnu --enable-libstdcxx-debug --enable-libstdcxx-time=yes --enable-gnu-unique-object --disable-libmudflap --enable-plugin --with-system-zlib --disable-browser-plugin --enable-java-awt=gtk --enable-gtk-cairo --with-java-home=/usr/lib/jvm/java-1.5.0-gcj-4.8-amd64/jre --enable-java-home --with-jvm-root-dir=/usr/lib/jvm/java-1.5.0-gcj-4.8-amd64 --with-jvm-jar-dir=/usr/lib/jvm-exports/java-1.5.0-gcj-4.8-amd64 --with-arch-directory=amd64 --with-ecj-jar=/usr/share/java/eclipse-ecj.jar --enable-objc-gc --enable-multiarch --disable-werror --with-arch-32=i686 --with-abi=m64 --with-multilib-list=m32,m64,mx32 --with-tune=generic --enable-checking=release --build=x86_64-linux-gnu --host=x86_64-linux-gnu --target=x86_64-linux-gnu
Thread model: posix
gcc version 4.8.4 (Ubuntu 4.8.4-2ubuntu1~14.04) 
configure:3169: $? = 0
configure:3158: gcc -V >&5
gcc: error: unrecognized command line option '-V'
gcc: fatal error: no input files
compilation terminated.
configure:3169: $? = 4
configure:3158: gcc -qversion >&5
gcc: error: unrecognized command line option '-qversion'
gcc: fatal error: no input files
compilation terminated.
configure:3169: $? = 4
configure:3189: checking whether the C compiler works
configure:3211: gcc    conftest.c  >&5
configure:3215: $? = 0
configure:3263: result: yes
configure:3266: checking for C compiler default output file name
configure:3268: result: a.out
configure:3274: checking for suffix of executables
configure:3281: gcc -o conftest    conftest.c  >&5
configure:3285: $? = 0
configure:3307: result: 
configure:3329: checking whether we are cross compiling
configure:3337: gcc -o conftest    conftest.c  >&5
configure:3341: $? = 0
configure:3348: ./conftest
configure:3352: $? = 0
configure:3367: result: no
configure:3372: checking for suffix of object files
configure:3394: gcc -c   conftest.c >&5
configure:3398: $? = 0
configure:3419: result: o
configure:3423: checking whether we are using the GNU C compiler
configure:3442: gcc -c   conftest.c >&5
configure:3442: $? = 0
configure:3451: result: yes
configure:3460: checking whether gcc accepts -g
configure:3480: gcc -c -g  conftest.c >&5
configure:3480: $? = 0
configure:3521: result: yes
configure:3538: checking for gcc option to accept ISO C89
configure:3601: gcc  -c -g -O2  conftest.c >&5
configure:3601: $? = 0
configure:3614: result: none needed
configure:3636: checking dependency style of gcc
configure:3747: result: gcc3
configure:3763: checking whether gcc and cc understand -c and -o together
configure:3794: gcc -c conftest.c -o conftest2.o >&5
configure:3798: $? = 0
configure:3804: gcc -c conftest.c -o conftest2.o >&5
configure:3808: $? = 0
configure:3819: cc -c conftest.c >&5
configure:3823: $? = 0
configure:3831: cc -c conftest.c -o conftest2.o >&5
configure:3835: $? = 0
configure:3841: cc -c conftest.c -o conftest2.o >&5
configure:3845: $? = 0
configure:3863: result: yes
configure:3877: checking for main in -lm
configure:3896: gcc -o conftest -g -O2   conftest.c -lm   >&5
configure:3896: $? = 0
configure:3905: result: yes
configure:3932: checking how to run the C preprocessor
configure:3963: gcc -E  conftest.c
configure:3963: $? = 0
configure:3977: gcc -E  conftest.c
conftest.c:12:28: fatal error: ac_nonexistent.h: No such file or directory
 #include <ac_nonexistent.h>
                            ^
compilation terminated.
configure:3977: $? = 1
configure: failed program was:
| /* confdefs.h */
| #define PACKAGE_NAME "GSATools"
| #define PACKAGE_TARNAME "gsatools"
| #define PACKAGE_VERSION "4.5.x-1.00"
| #define PACKAGE_STRING "GSATools 4.5.x-1.00"
| #define PACKAGE_BUGREPORT "alessandro.pandini@gmail.com"
| #define PACKAGE_URL ""
| #define PACKAGE "gsatools"
| #define VERSION "4.5.x-1.00"
| #define HAVE_LIBM 1
| /* end confdefs.h.  */
| #include <ac_nonexistent.h>
configure:4002: result: gcc -E
configure:4022: gcc -E  conftest.c
configure:4022: $? = 0
configure:4036: gcc -E  conftest.c
conftest.c:12:28: fatal error: ac_nonexistent.h: No such file or directory
 #include <ac_nonexistent.h>
                            ^
compilation terminated.
configure:4036: $? = 1
configure: failed program was:
| /* confdefs.h */
| #define PACKAGE_NAME "GSATools"
| #define PACKAGE_TARNAME "gsatools"
| #define PACKAGE_VERSION "4.5.x-1.00"
| #define PACKAGE_STRING "GSATools 4.5.x-1.00"
| #define PACKAGE_BUGREPORT "alessandro.pandini@gmail.com"
| #define PACKAGE_URL ""
| #define PACKAGE "gsatools"
| #define VERSION "4.5.x-1.00"
| #define HAVE_LIBM 1
| /* end confdefs.h.  */
| #include <ac_nonexistent.h>
configure:4065: checking for grep that handles long lines and -e
configure:4123: result: /bin/grep
configure:4128: checking for egrep
configure:4190: result: /bin/grep -E
configure:4195: checking for ANSI C header files
configure:4215: gcc -c -g -O2  conftest.c >&5
configure:4215: $? = 0
configure:4288: gcc -o conftest -g -O2   conftest.c -lm  >&5
configure:4288: $? = 0
configure:4288: ./conftest
configure:4288: $? = 0
configure:4299: result: yes
configure:4312: checking for sys/types.h
configure:4312: gcc -c -g -O2  conftest.c >&5
configure:4312: $? = 0
configure:4312: result: yes
configure:4312: checking for sys/stat.h
configure:4312: gcc -c -g -O2  conftest.c >&5
configure:4312: $? = 0
configure:4312: result: yes
configure:4312: checking for stdlib.h
configure:4312: gcc -c -g -O2  conftest.c >&5
configure:4312: $? = 0
configure:4312: result: yes
configure:4312: checking for string.h
configure:4312: gcc -c -g -O2  conftest.c >&5
configure:4312: $? = 0
configure:4312: result: yes
configure:4312: checking for memory.h
configure:4312: gcc -c -g -O2  conftest.c >&5
configure:4312: $? = 0
configure:4312: result: yes
configure:4312: checking for strings.h
configure:4312: gcc -c -g -O2  conftest.c >&5
configure:4312: $? = 0
configure:4312: result: yes
configure:4312: checking for inttypes.h
configure:4312: gcc -c -g -O2  conftest.c >&5
configure:4312: $? = 0
configure:4312: result: yes
configure:4312: checking for stdint.h
configure:4312: gcc -c -g -O2  conftest.c >&5
configure:4312: $? = 0
configure:4312: result: yes
configure:4312: checking for unistd.h
configure:4312: gcc -c -g -O2  conftest.c >&5
configure:4312: $? = 0
configure:4312: result: yes
configure:4324: checking gsl/gsl_math.h usability
configure:4324: gcc -c -g -O2  conftest.c >&5
configure:4324: $? = 0
configure:4324: result: yes
configure:4324: checking gsl/gsl_math.h presence
configure:4324: gcc -E  conftest.c
configure:4324: $? = 0
configure:4324: result: yes
configure:4324: checking for gsl/gsl_math.h
configure:4324: result: yes
configure:4336: checking for main in -lgslcblas
configure:4355: gcc -o conftest -g -O2   conftest.c -lgslcblas  -lm  >&5
configure:4355: $? = 0
configure:4364: result: yes
configure:4381: checking for main in -lgsl
configure:4400: gcc -o conftest -g -O2   conftest.c -lgsl  -lgslcblas -lm  >&5
configure:4400: $? = 0
configure:4409: result: yes
configure:4427: checking for ANSI C header files
configure:4531: result: yes
configure:4541: checking for string.h
configure:4541: result: yes
configure:4553: checking for stdbool.h that conforms to C99
configure:4620: gcc -c -g -O2  conftest.c >&5
configure:4620: $? = 0
configure:4627: result: yes
configure:4629: checking for _Bool
configure:4629: gcc -c -g -O2  conftest.c >&5
configure:4629: $? = 0
configure:4629: gcc -c -g -O2  conftest.c >&5
conftest.c: In function 'main':
conftest.c:62:20: error: expected expression before ')' token
 if (sizeof ((_Bool)))
                    ^
configure:4629: $? = 1
configure: failed program was:
| /* confdefs.h */
| #define PACKAGE_NAME "GSATools"
| #define PACKAGE_TARNAME "gsatools"
| #define PACKAGE_VERSION "4.5.x-1.00"
| #define PACKAGE_STRING "GSATools 4.5.x-1.00"
| #define PACKAGE_BUGREPORT "alessandro.pandini@gmail.com"
| #define PACKAGE_URL ""
| #define PACKAGE "gsatools"
| #define VERSION "4.5.x-1.00"
| #define HAVE_LIBM 1
| #define STDC_HEADERS 1
| #define HAVE_SYS_TYPES_H 1
| #define HAVE_SYS_STAT_H 1
| #define HAVE_STDLIB_H 1
| #define HAVE_STRING_H 1
| #define HAVE_MEMORY_H 1
| #define HAVE_STRINGS_H 1
| #define HAVE_INTTYPES_H 1
| #define HAVE_STDINT_H 1
| #define HAVE_UNISTD_H 1
| #define HAVE_LIBGSLCBLAS 1
| #define HAVE_LIBGSL 1
| #define STDC_HEADERS 1
| #define HAVE_STRING_H 1
| /* end confdefs.h.  */
| #include <stdio.h>
| #ifdef HAVE_SYS_TYPES_H
| # include <sys/types.h>
| #endif
| #ifdef HAVE_SYS_STAT_H
| # include <sys/stat.h>
| #endif
| #ifdef STDC_HEADERS
| # include <stdlib.h>
| # include <stddef.h>
| #else
| # ifdef HAVE_STDLIB_H
| #  include <stdlib.h>
| # endif
| #endif
| #ifdef HAVE_STRING_H
| # if !defined STDC_HEADERS && defined HAVE_MEMORY_H
| #  include <memory.h>
| # endif
| # include <string.h>
| #endif
| #ifdef HAVE_STRINGS_H
| # include <strings.h>
| #endif
| #ifdef HAVE_INTTYPES_H
| # include <inttypes.h>
| #endif
| #ifdef HAVE_STDINT_H
| # include <stdint.h>
| #endif
| #ifdef HAVE_UNISTD_H
| # include <unistd.h>
| #endif
| int
| main ()
| {
| if (sizeof ((_Bool)))
| 	    return 0;
|   ;
|   return 0;
| }
configure:4629: result: yes
configure:4650: checking for stdlib.h
configure:4650: result: yes
configure:4660: checking for GNU libc compatible malloc
configure:4684: gcc -o conftest -g -O2   conftest.c -lgsl -lgslcblas -lm  >&5
configure:4684: $? = 0
configure:4684: ./conftest
configure:4684: $? = 0
configure:4694: result: yes
configure:4717: checking for stdlib.h
configure:4717: result: yes
configure:4727: checking for GNU libc compatible realloc
configure:4751: gcc -o conftest -g -O2   conftest.c -lgsl -lgslcblas -lm  >&5
configure:4751: $? = 0
configure:4751: ./conftest
configure:4751: $? = 0
configure:4761: result: yes
configure:4784: checking for strcasecmp
configure:4784: gcc -o conftest -g -O2   conftest.c -lgsl -lgslcblas -lm  >&5
conftest.c:55:6: warning: conflicting types for built-in function 'strcasecmp' [enabled by default]
 char strcasecmp ();
      ^
configure:4784: $? = 0
configure:4784: result: yes
configure:4796: checking whether GMXDIR has been set
configure:4802: result: yes
configure:4975: checking for mpicc
configure:4991: found /usr/bin/mpicc
configure:5002: result: mpicc
configure:5020: checking for MPI_Init
configure:5020: mpicc -o conftest -pg -O2   conftest.c -lgsl -lgslcblas -lm  >&5
configure:5020: $? = 0
configure:5020: result: yes
configure:5113: checking for mpi.h
configure:5126: mpicc -c -pg -O2  conftest.c >&5
configure:5126: $? = 0
configure:5127: result: yes
configure:5277: checking that generated files are newer than configure
configure:5283: result: done
configure:5306: creating ./config.status

## ---------------------- ##
## Running config.status. ##
## ---------------------- ##

This file was extended by GSATools config.status 4.5.x-1.00, which was
generated by GNU Autoconf 2.69.  Invocation command line was

  CONFIG_FILES    = 
  CONFIG_HEADERS  = 
  CONFIG_LINKS    = 
  CONFIG_COMMANDS = 
  $ ./config.status 

on ace

config.status:875: creating Makefile
config.status:875: creating src/Makefile
config.status:875: creating tests/Makefile
config.status:875: creating scripts/Makefile
config.status:875: creating config.h
config.status:1104: executing depfiles commands

## ---------------- ##
## Cache variables. ##
## ---------------- ##

ac_cv_c_compiler_gnu=yes
ac_cv_env_CC_set=
ac_cv_env_CC_value=
ac_cv_env_CFLAGS_set=
ac_cv_env_CFLAGS_value=
ac_cv_env_CPPFLAGS_set=
ac_cv_env_CPPFLAGS_value=
ac_cv_env_CPP_set=
ac_cv_env_CPP_value=
ac_cv_env_GMXDIR_set=set
ac_cv_env_GMXDIR_value=/home/jkleinj/apps/gromacs-4.5.5
ac_cv_env_LDFLAGS_set=
ac_cv_env_LDFLAGS_value=
ac_cv_env_LIBS_set=
ac_cv_env_LIBS_value=
ac_cv_env_MPICC_set=
ac_cv_env_MPICC_value=
ac_cv_env_build_alias_set=
ac_cv_env_build_alias_value=
ac_cv_env_host_alias_set=
ac_cv_env_host_alias_value=
ac_cv_env_target_alias_set=
ac_cv_env_target_alias_value=
ac_cv_func_MPI_Init=yes
ac_cv_func_malloc_0_nonnull=yes
ac_cv_func_realloc_0_nonnull=yes
ac_cv_func_strcasecmp=yes
ac_cv_header_gsl_gsl_math_h=yes
ac_cv_header_inttypes_h=yes
ac_cv_header_memory_h=yes
ac_cv_header_stdbool_h=yes
ac_cv_header_stdc=yes
ac_cv_header_stdint_h=yes
ac_cv_header_stdlib_h=yes
ac_cv_header_string_h=yes
ac_cv_header_strings_h=yes
ac_cv_header_sys_stat_h=yes
ac_cv_header_sys_types_h=yes
ac_cv_header_unistd_h=yes
ac_cv_lib_gsl_main=yes
ac_cv_lib_gslcblas_main=yes
ac_cv_lib_m_main=yes
ac_cv_objext=o
ac_cv_path_EGREP='/bin/grep -E'
ac_cv_path_GREP=/bin/grep
ac_cv_path_install='/usr/bin/install -c'
ac_cv_path_mkdir=/bin/mkdir
ac_cv_prog_AWK=mawk
ac_cv_prog_CPP='gcc -E'
ac_cv_prog_MPICC=mpicc
ac_cv_prog_ac_ct_CC=gcc
ac_cv_prog_cc_c89=
ac_cv_prog_cc_g=yes
ac_cv_prog_cc_gcc_c_o=yes
ac_cv_prog_make_make_set=yes
ac_cv_type__Bool=yes
am_cv_CC_dependencies_compiler_type=gcc3
am_cv_make_support_nested_variables=yes

## ----------------- ##
## Output variables. ##
## ----------------- ##

ACLOCAL='${SHELL} /home/jkleinj/jk.software/develop/SAsuite/GSAtools/gsatools-4.5-opt-jk/missing aclocal-1.13'
AMDEPBACKSLASH='\'
AMDEP_FALSE='#'
AMDEP_TRUE=''
AMTAR='$${TAR-tar}'
AM_BACKSLASH='\'
AM_DEFAULT_V='$(AM_DEFAULT_VERBOSITY)'
AM_DEFAULT_VERBOSITY='1'
AM_V='$(V)'
AUTOCONF='${SHELL} /home/jkleinj/jk.software/develop/SAsuite/GSAtools/gsatools-4.5-opt-jk/missing autoconf'
AUTOHEADER='${SHELL} /home/jkleinj/jk.software/develop/SAsuite/GSAtools/gsatools-4.5-opt-jk/missing autoheader'
AUTOMAKE='${SHELL} /home/jkleinj/jk.software/develop/SAsuite/GSAtools/gsatools-4.5-opt-jk/missing automake-1.13'
AWK='mawk'
CC='mpicc'
CCDEPMODE='depmode=gcc3'
CFLAGS='-pg -O2'
CPP='gcc -E'
CPPFLAGS=''
CYGPATH_W='echo'
DEFS='-DHAVE_CONFIG_H'
DEPDIR='.deps'
ECHO_C=''
ECHO_N='-n'
ECHO_T=''
EGREP='/bin/grep -E'
EXEEXT=''
GMXDIR='/home/jkleinj/apps/gromacs-4.5.5'
GREP='/bin/grep'
INSTALL_DATA='${INSTALL} -m 644'
INSTALL_PROGRAM='${INSTALL}'
INSTALL_SCRIPT='${INSTALL}'
INSTALL_STRIP_PROGRAM='$(install_sh) -c -s'
LDFLAGS=''
LIBOBJS=''
LIBS='  -lgsl -lgslcblas -lm '
LTLIBOBJS=''
MAKEINFO='${SHELL} /home/jkleinj/jk.software/develop/SAsuite/GSAtools/gsatools-4.5-opt-jk/missing makeinfo'
MKDIR_P='/bin/mkdir -p'
MPICC='mpicc'
MPILIBS=' '
OBJEXT='o'
PACKAGE='gsatools'
PACKAGE_BUGREPORT='alessandro.pandini@gmail.com'
PACKAGE_NAME='GSATools'
PACKAGE_STRING='GSATools 4.5.x-1.00'
PACKAGE_TARNAME='gsatools'
PACKAGE_URL=''
PACKAGE_VERSION='4.5.x-1.00'
PATH_SEPARATOR=':'
SET_MAKE=''
SHELL='/bin/bash'
STRIP=''
VERSION='4.5.x-1.00'
ac_ct_CC='gcc'
am__EXEEXT_FALSE=''
am__EXEEXT_TRUE='#'
am__fastdepCC_FALSE='#'
am__fastdepCC_TRUE=''
am__include='include'
am__isrc=''
am__leading_dot='.'
am__nodep='_no'
am__quote=''
am__tar='$${TAR-tar} chof - "$$tardir"'
am__untar='$${TAR-tar} xf -'
bindir='${exec_prefix}/bin'
build_alias=''
datadir='${datarootdir}'
datarootdir='${prefix}/share'
docdir='${datarootdir}/doc/${PACKAGE_TARNAME}'
dvidir='${docdir}'
exec_prefix='${prefix}'
host_alias=''
htmldir='${docdir}'
includedir='${prefix}/include'
infodir='${datarootdir}/info'
install_sh='${SHELL} /home/jkleinj/jk.software/develop/SAsuite/GSAtools/gsatools-4.5-opt-jk/install-sh'
libdir='${exec_prefix}/lib'
libexecdir='${exec_prefix}/libexec'
localedir='${datarootdir}/locale'
localstatedir='${prefix}/var'
mandir='${datarootdir}/man'
mkdir_p='$(MKDIR_P)'
oldincludedir='/usr/include'
pdfdir='${docdir}'
prefix='/usr/local'
program_transform_name='s,x,x,'
psdir='${docdir}'
sbindir='${exec_prefix}/sbin'
sharedstatedir='${prefix}/com'
sysconfdir='${prefix}/etc'
target_alias=''

## ----------- ##
## confdefs.h. ##
## ----------- ##

/* confdefs.h */
#define PACKAGE_NAME "GSATools"
#define PACKAGE_TARNAME "gsatools"
#define PACKAGE_VERSION "4.5.x-1.00"
#define PACKAGE_STRING "GSATools 4.5.x-1.00"
#define PACKAGE_BUGREPORT "alessandro.pandini@gmail.com"
#define PACKAGE_URL ""
#define PACKAGE "gsatools"
#define VERSION "4.5.x-1.00"
#define HAVE_LIBM 1
#define STDC_HEADERS 1
#define HAVE_SYS_TYPES_H 1
#define HAVE_SYS_STAT_H 1
#define HAVE_STDLIB_H 1
#define HAVE_STRING_H 1
#define HAVE_MEMORY_H 1
#define HAVE_STRINGS_H 1
#define HAVE_INTTYPES_H 1
#define HAVE_STDINT_H 1
#define HAVE_UNISTD_H 1
#define HAVE_LIBGSLCBLAS 1
#define HAVE_LIBGSL 1
#define STDC_HEADERS 1
#define HAVE_STRING_H 1
#define HAVE__BOOL 1
#define HAVE_STDBOOL_H 1
#define HAVE_STDLIB_H 1
#define HAVE_MALLOC 1
#define HAVE_STDLIB_H 1
#define HAVE_REALLOC 1
#define HAVE_STRCASECMP 1
#define DEBUG 1
#define PROFILING 1
#define HAVE_MPI 1
#define MPI 1
#define GMX_LIB_MPI 1

configure: exit 0
